{"C:\\Users\\Manh Luong\\Desktop\\B21DCDT144\\nam_4\\Ky2\\SQA\\Electronics-eCommerce-Shop-With-Admin-Dashboard-NextJS-NodeJS\\server\\controllers\\category.js": {"path":"C:\\Users\\Manh Luong\\Desktop\\B21DCDT144\\nam_4\\Ky2\\SQA\\Electronics-eCommerce-Shop-With-Admin-Dashboard-NextJS-NodeJS\\server\\controllers\\category.js","statementMap":{"0":{"start":{"line":1,"column":25},"end":{"line":1,"column":50}},"1":{"start":{"line":2,"column":15},"end":{"line":2,"column":33}},"2":{"start":{"line":5,"column":2},"end":{"line":16,"column":3}},"3":{"start":{"line":6,"column":21},"end":{"line":6,"column":33}},"4":{"start":{"line":7,"column":21},"end":{"line":11,"column":6}},"5":{"start":{"line":12,"column":4},"end":{"line":12,"column":47}},"6":{"start":{"line":14,"column":4},"end":{"line":14,"column":53}},"7":{"start":{"line":15,"column":4},"end":{"line":15,"column":75}},"8":{"start":{"line":20,"column":2},"end":{"line":46,"column":3}},"9":{"start":{"line":21,"column":19},"end":{"line":21,"column":33}},"10":{"start":{"line":22,"column":21},"end":{"line":22,"column":33}},"11":{"start":{"line":24,"column":29},"end":{"line":28,"column":6}},"12":{"start":{"line":30,"column":4},"end":{"line":32,"column":5}},"13":{"start":{"line":31,"column":6},"end":{"line":31,"column":72}},"14":{"start":{"line":34,"column":28},"end":{"line":41,"column":6}},"15":{"start":{"line":43,"column":4},"end":{"line":43,"column":54}},"16":{"start":{"line":45,"column":4},"end":{"line":45,"column":75}},"17":{"start":{"line":50,"column":2},"end":{"line":61,"column":3}},"18":{"start":{"line":51,"column":19},"end":{"line":51,"column":33}},"19":{"start":{"line":52,"column":4},"end":{"line":56,"column":7}},"20":{"start":{"line":57,"column":4},"end":{"line":57,"column":39}},"21":{"start":{"line":59,"column":4},"end":{"line":59,"column":23}},"22":{"start":{"line":60,"column":4},"end":{"line":60,"column":75}},"23":{"start":{"line":65,"column":17},"end":{"line":65,"column":31}},"24":{"start":{"line":66,"column":19},"end":{"line":70,"column":4}},"25":{"start":{"line":71,"column":2},"end":{"line":73,"column":3}},"26":{"start":{"line":72,"column":4},"end":{"line":72,"column":70}},"27":{"start":{"line":74,"column":2},"end":{"line":74,"column":45}},"28":{"start":{"line":78,"column":2},"end":{"line":83,"column":3}},"29":{"start":{"line":79,"column":23},"end":{"line":79,"column":57}},"30":{"start":{"line":80,"column":4},"end":{"line":80,"column":37}},"31":{"start":{"line":82,"column":4},"end":{"line":82,"column":77}},"32":{"start":{"line":86,"column":0},"end":{"line":92,"column":2}}},"fnMap":{"0":{"name":"createCategory","decl":{"start":{"line":4,"column":15},"end":{"line":4,"column":29}},"loc":{"start":{"line":4,"column":49},"end":{"line":17,"column":1}},"line":4},"1":{"name":"updateCategory","decl":{"start":{"line":19,"column":15},"end":{"line":19,"column":29}},"loc":{"start":{"line":19,"column":49},"end":{"line":47,"column":1}},"line":19},"2":{"name":"deleteCategory","decl":{"start":{"line":49,"column":15},"end":{"line":49,"column":29}},"loc":{"start":{"line":49,"column":49},"end":{"line":62,"column":1}},"line":49},"3":{"name":"getCategory","decl":{"start":{"line":64,"column":15},"end":{"line":64,"column":26}},"loc":{"start":{"line":64,"column":46},"end":{"line":75,"column":1}},"line":64},"4":{"name":"getAllCategories","decl":{"start":{"line":77,"column":15},"end":{"line":77,"column":31}},"loc":{"start":{"line":77,"column":51},"end":{"line":84,"column":1}},"line":77}},"branchMap":{"0":{"loc":{"start":{"line":30,"column":4},"end":{"line":32,"column":5}},"type":"if","locations":[{"start":{"line":30,"column":4},"end":{"line":32,"column":5}},{"start":{},"end":{}}],"line":30},"1":{"loc":{"start":{"line":71,"column":2},"end":{"line":73,"column":3}},"type":"if","locations":[{"start":{"line":71,"column":2},"end":{"line":73,"column":3}},{"start":{},"end":{}}],"line":71}},"s":{"0":1,"1":1,"2":3,"3":3,"4":3,"5":1,"6":2,"7":2,"8":3,"9":3,"10":3,"11":3,"12":3,"13":1,"14":2,"15":1,"16":1,"17":2,"18":2,"19":2,"20":1,"21":1,"22":0,"23":3,"24":3,"25":3,"26":2,"27":1,"28":2,"29":2,"30":2,"31":0,"32":1},"f":{"0":3,"1":3,"2":2,"3":3,"4":2},"b":{"0":[1,2],"1":[2,1]},"_coverageSchema":"1a1c01bbd47fc00a2c39e90264f33305004495a9","hash":"d14e68fec88abca6dacb73f614940244c11ee003"}
,"C:\\Users\\Manh Luong\\Desktop\\B21DCDT144\\nam_4\\Ky2\\SQA\\Electronics-eCommerce-Shop-With-Admin-Dashboard-NextJS-NodeJS\\server\\controllers\\customer_order_product.js": {"path":"C:\\Users\\Manh Luong\\Desktop\\B21DCDT144\\nam_4\\Ky2\\SQA\\Electronics-eCommerce-Shop-With-Admin-Dashboard-NextJS-NodeJS\\server\\controllers\\customer_order_product.js","statementMap":{"0":{"start":{"line":1,"column":25},"end":{"line":1,"column":50}},"1":{"start":{"line":2,"column":15},"end":{"line":2,"column":33}},"2":{"start":{"line":5,"column":4},"end":{"line":18,"column":5}},"3":{"start":{"line":6,"column":57},"end":{"line":6,"column":69}},"4":{"start":{"line":7,"column":23},"end":{"line":13,"column":10}},"5":{"start":{"line":14,"column":8},"end":{"line":14,"column":49}},"6":{"start":{"line":16,"column":8},"end":{"line":16,"column":62}},"7":{"start":{"line":17,"column":8},"end":{"line":17,"column":84}},"8":{"start":{"line":23,"column":4},"end":{"line":54,"column":5}},"9":{"start":{"line":24,"column":23},"end":{"line":24,"column":37}},"10":{"start":{"line":25,"column":57},"end":{"line":25,"column":69}},"11":{"start":{"line":28,"column":30},"end":{"line":32,"column":10}},"12":{"start":{"line":34,"column":8},"end":{"line":36,"column":9}},"13":{"start":{"line":35,"column":12},"end":{"line":35,"column":75}},"14":{"start":{"line":39,"column":29},"end":{"line":48,"column":10}},"15":{"start":{"line":50,"column":8},"end":{"line":50,"column":43}},"16":{"start":{"line":52,"column":8},"end":{"line":52,"column":27}},"17":{"start":{"line":53,"column":8},"end":{"line":53,"column":76}},"18":{"start":{"line":58,"column":4},"end":{"line":68,"column":5}},"19":{"start":{"line":59,"column":23},"end":{"line":59,"column":37}},"20":{"start":{"line":60,"column":8},"end":{"line":64,"column":11}},"21":{"start":{"line":65,"column":8},"end":{"line":65,"column":43}},"22":{"start":{"line":67,"column":8},"end":{"line":67,"column":85}},"23":{"start":{"line":72,"column":19},"end":{"line":72,"column":33}},"24":{"start":{"line":73,"column":18},"end":{"line":80,"column":6}},"25":{"start":{"line":81,"column":4},"end":{"line":83,"column":5}},"26":{"start":{"line":82,"column":8},"end":{"line":82,"column":71}},"27":{"start":{"line":84,"column":4},"end":{"line":84,"column":44}},"28":{"start":{"line":89,"column":4},"end":{"line":156,"column":5}},"29":{"start":{"line":91,"column":30},"end":{"line":112,"column":10}},"30":{"start":{"line":115,"column":26},"end":{"line":115,"column":35}},"31":{"start":{"line":118,"column":8},"end":{"line":147,"column":9}},"32":{"start":{"line":119,"column":59},"end":{"line":119,"column":64}},"33":{"start":{"line":120,"column":44},"end":{"line":120,"column":57}},"34":{"start":{"line":123,"column":28},"end":{"line":134,"column":14}},"35":{"start":{"line":136,"column":12},"end":{"line":146,"column":13}},"36":{"start":{"line":138,"column":16},"end":{"line":138,"column":74}},"37":{"start":{"line":141,"column":16},"end":{"line":145,"column":19}},"38":{"start":{"line":150,"column":30},"end":{"line":150,"column":60}},"39":{"start":{"line":152,"column":8},"end":{"line":152,"column":44}},"40":{"start":{"line":154,"column":8},"end":{"line":154,"column":67}},"41":{"start":{"line":155,"column":8},"end":{"line":155,"column":89}},"42":{"start":{"line":161,"column":0},"end":{"line":161,"column":116}}},"fnMap":{"0":{"name":"createOrderProduct","decl":{"start":{"line":4,"column":15},"end":{"line":4,"column":33}},"loc":{"start":{"line":4,"column":53},"end":{"line":19,"column":1}},"line":4},"1":{"name":"updateProductOrder","decl":{"start":{"line":22,"column":15},"end":{"line":22,"column":33}},"loc":{"start":{"line":22,"column":53},"end":{"line":55,"column":1}},"line":22},"2":{"name":"deleteProductOrder","decl":{"start":{"line":57,"column":15},"end":{"line":57,"column":33}},"loc":{"start":{"line":57,"column":53},"end":{"line":69,"column":1}},"line":57},"3":{"name":"getProductOrder","decl":{"start":{"line":71,"column":15},"end":{"line":71,"column":30}},"loc":{"start":{"line":71,"column":50},"end":{"line":85,"column":1}},"line":71},"4":{"name":"getAllProductOrders","decl":{"start":{"line":88,"column":15},"end":{"line":88,"column":34}},"loc":{"start":{"line":88,"column":54},"end":{"line":157,"column":1}},"line":88}},"branchMap":{"0":{"loc":{"start":{"line":34,"column":8},"end":{"line":36,"column":9}},"type":"if","locations":[{"start":{"line":34,"column":8},"end":{"line":36,"column":9}},{"start":{},"end":{}}],"line":34},"1":{"loc":{"start":{"line":81,"column":4},"end":{"line":83,"column":5}},"type":"if","locations":[{"start":{"line":81,"column":4},"end":{"line":83,"column":5}},{"start":{},"end":{}}],"line":81},"2":{"loc":{"start":{"line":136,"column":12},"end":{"line":146,"column":13}},"type":"if","locations":[{"start":{"line":136,"column":12},"end":{"line":146,"column":13}},{"start":{"line":139,"column":19},"end":{"line":146,"column":13}}],"line":136}},"s":{"0":1,"1":1,"2":1,"3":1,"4":1,"5":1,"6":0,"7":0,"8":2,"9":2,"10":2,"11":2,"12":2,"13":1,"14":1,"15":1,"16":0,"17":0,"18":1,"19":1,"20":1,"21":1,"22":0,"23":2,"24":2,"25":2,"26":0,"27":2,"28":1,"29":1,"30":1,"31":1,"32":3,"33":3,"34":3,"35":3,"36":1,"37":2,"38":1,"39":1,"40":0,"41":0,"42":1},"f":{"0":1,"1":2,"2":1,"3":2,"4":1},"b":{"0":[1,1],"1":[0,2],"2":[1,2]},"_coverageSchema":"1a1c01bbd47fc00a2c39e90264f33305004495a9","hash":"431148665c44ef8ecc068f0d4628466d31748fe9"}
,"C:\\Users\\Manh Luong\\Desktop\\B21DCDT144\\nam_4\\Ky2\\SQA\\Electronics-eCommerce-Shop-With-Admin-Dashboard-NextJS-NodeJS\\server\\controllers\\customer_orders.js": {"path":"C:\\Users\\Manh Luong\\Desktop\\B21DCDT144\\nam_4\\Ky2\\SQA\\Electronics-eCommerce-Shop-With-Admin-Dashboard-NextJS-NodeJS\\server\\controllers\\customer_orders.js","statementMap":{"0":{"start":{"line":1,"column":25},"end":{"line":1,"column":50}},"1":{"start":{"line":2,"column":15},"end":{"line":2,"column":33}},"2":{"start":{"line":5,"column":2},"end":{"line":42,"column":3}},"3":{"start":{"line":20,"column":8},"end":{"line":20,"column":20}},"4":{"start":{"line":21,"column":19},"end":{"line":37,"column":6}},"5":{"start":{"line":38,"column":4},"end":{"line":38,"column":45}},"6":{"start":{"line":40,"column":4},"end":{"line":40,"column":50}},"7":{"start":{"line":41,"column":4},"end":{"line":41,"column":72}},"8":{"start":{"line":46,"column":2},"end":{"line":100,"column":3}},"9":{"start":{"line":47,"column":19},"end":{"line":47,"column":33}},"10":{"start":{"line":63,"column":8},"end":{"line":63,"column":20}},"11":{"start":{"line":65,"column":26},"end":{"line":69,"column":6}},"12":{"start":{"line":71,"column":4},"end":{"line":73,"column":5}},"13":{"start":{"line":72,"column":6},"end":{"line":72,"column":69}},"14":{"start":{"line":75,"column":25},"end":{"line":95,"column":6}},"15":{"start":{"line":97,"column":4},"end":{"line":97,"column":51}},"16":{"start":{"line":99,"column":4},"end":{"line":99,"column":72}},"17":{"start":{"line":104,"column":2},"end":{"line":114,"column":3}},"18":{"start":{"line":105,"column":19},"end":{"line":105,"column":33}},"19":{"start":{"line":106,"column":4},"end":{"line":110,"column":7}},"20":{"start":{"line":111,"column":4},"end":{"line":111,"column":39}},"21":{"start":{"line":113,"column":4},"end":{"line":113,"column":72}},"22":{"start":{"line":118,"column":17},"end":{"line":118,"column":31}},"23":{"start":{"line":119,"column":16},"end":{"line":123,"column":4}},"24":{"start":{"line":124,"column":2},"end":{"line":126,"column":3}},"25":{"start":{"line":125,"column":4},"end":{"line":125,"column":67}},"26":{"start":{"line":127,"column":2},"end":{"line":127,"column":42}},"27":{"start":{"line":131,"column":2},"end":{"line":137,"column":3}},"28":{"start":{"line":132,"column":19},"end":{"line":132,"column":59}},"29":{"start":{"line":133,"column":4},"end":{"line":133,"column":33}},"30":{"start":{"line":135,"column":4},"end":{"line":135,"column":23}},"31":{"start":{"line":136,"column":4},"end":{"line":136,"column":73}},"32":{"start":{"line":140,"column":0},"end":{"line":146,"column":2}}},"fnMap":{"0":{"name":"createCustomerOrder","decl":{"start":{"line":4,"column":15},"end":{"line":4,"column":34}},"loc":{"start":{"line":4,"column":54},"end":{"line":43,"column":1}},"line":4},"1":{"name":"updateCustomerOrder","decl":{"start":{"line":45,"column":15},"end":{"line":45,"column":34}},"loc":{"start":{"line":45,"column":54},"end":{"line":101,"column":1}},"line":45},"2":{"name":"deleteCustomerOrder","decl":{"start":{"line":103,"column":15},"end":{"line":103,"column":34}},"loc":{"start":{"line":103,"column":54},"end":{"line":115,"column":1}},"line":103},"3":{"name":"getCustomerOrder","decl":{"start":{"line":117,"column":15},"end":{"line":117,"column":31}},"loc":{"start":{"line":117,"column":51},"end":{"line":128,"column":1}},"line":117},"4":{"name":"getAllOrders","decl":{"start":{"line":130,"column":15},"end":{"line":130,"column":27}},"loc":{"start":{"line":130,"column":47},"end":{"line":138,"column":1}},"line":130}},"branchMap":{"0":{"loc":{"start":{"line":71,"column":4},"end":{"line":73,"column":5}},"type":"if","locations":[{"start":{"line":71,"column":4},"end":{"line":73,"column":5}},{"start":{},"end":{}}],"line":71},"1":{"loc":{"start":{"line":124,"column":2},"end":{"line":126,"column":3}},"type":"if","locations":[{"start":{"line":124,"column":2},"end":{"line":126,"column":3}},{"start":{},"end":{}}],"line":124}},"s":{"0":1,"1":1,"2":1,"3":1,"4":1,"5":1,"6":0,"7":0,"8":2,"9":2,"10":2,"11":2,"12":2,"13":1,"14":1,"15":1,"16":0,"17":1,"18":1,"19":1,"20":1,"21":0,"22":2,"23":2,"24":2,"25":1,"26":1,"27":1,"28":1,"29":1,"30":0,"31":0,"32":1},"f":{"0":1,"1":2,"2":1,"3":2,"4":1},"b":{"0":[1,1],"1":[1,1]},"_coverageSchema":"1a1c01bbd47fc00a2c39e90264f33305004495a9","hash":"3aaed7df32eb905196f5354f840bbc4100e63a69"}
,"C:\\Users\\Manh Luong\\Desktop\\B21DCDT144\\nam_4\\Ky2\\SQA\\Electronics-eCommerce-Shop-With-Admin-Dashboard-NextJS-NodeJS\\server\\controllers\\mainImages.js": {"path":"C:\\Users\\Manh Luong\\Desktop\\B21DCDT144\\nam_4\\Ky2\\SQA\\Electronics-eCommerce-Shop-With-Admin-Dashboard-NextJS-NodeJS\\server\\controllers\\mainImages.js","statementMap":{"0":{"start":{"line":1,"column":25},"end":{"line":1,"column":50}},"1":{"start":{"line":2,"column":15},"end":{"line":2,"column":33}},"2":{"start":{"line":5,"column":4},"end":{"line":7,"column":5}},"3":{"start":{"line":6,"column":6},"end":{"line":6,"column":76}},"4":{"start":{"line":10,"column":25},"end":{"line":10,"column":47}},"5":{"start":{"line":13,"column":4},"end":{"line":19,"column":7}},"6":{"start":{"line":14,"column":6},"end":{"line":16,"column":7}},"7":{"start":{"line":15,"column":8},"end":{"line":15,"column":41}},"8":{"start":{"line":18,"column":6},"end":{"line":18,"column":70}},"9":{"start":{"line":22,"column":2},"end":{"line":24,"column":2}}},"fnMap":{"0":{"name":"uploadMainImage","decl":{"start":{"line":4,"column":15},"end":{"line":4,"column":30}},"loc":{"start":{"line":4,"column":41},"end":{"line":20,"column":3}},"line":4},"1":{"name":"(anonymous_1)","decl":{"start":{"line":13,"column":54},"end":{"line":13,"column":55}},"loc":{"start":{"line":13,"column":63},"end":{"line":19,"column":5}},"line":13}},"branchMap":{"0":{"loc":{"start":{"line":5,"column":4},"end":{"line":7,"column":5}},"type":"if","locations":[{"start":{"line":5,"column":4},"end":{"line":7,"column":5}},{"start":{},"end":{}}],"line":5},"1":{"loc":{"start":{"line":5,"column":8},"end":{"line":5,"column":57}},"type":"binary-expr","locations":[{"start":{"line":5,"column":8},"end":{"line":5,"column":18}},{"start":{"line":5,"column":22},"end":{"line":5,"column":57}}],"line":5},"2":{"loc":{"start":{"line":14,"column":6},"end":{"line":16,"column":7}},"type":"if","locations":[{"start":{"line":14,"column":6},"end":{"line":16,"column":7}},{"start":{},"end":{}}],"line":14}},"s":{"0":1,"1":1,"2":4,"3":2,"4":2,"5":2,"6":2,"7":1,"8":1,"9":1},"f":{"0":4,"1":2},"b":{"0":[2,2],"1":[4,4],"2":[1,1]},"_coverageSchema":"1a1c01bbd47fc00a2c39e90264f33305004495a9","hash":"51aa625cbf4435dc4915906df9a47b1fe199da2c"}
,"C:\\Users\\Manh Luong\\Desktop\\B21DCDT144\\nam_4\\Ky2\\SQA\\Electronics-eCommerce-Shop-With-Admin-Dashboard-NextJS-NodeJS\\server\\controllers\\productImages.js": {"path":"C:\\Users\\Manh Luong\\Desktop\\B21DCDT144\\nam_4\\Ky2\\SQA\\Electronics-eCommerce-Shop-With-Admin-Dashboard-NextJS-NodeJS\\server\\controllers\\productImages.js","statementMap":{"0":{"start":{"line":1,"column":25},"end":{"line":1,"column":50}},"1":{"start":{"line":2,"column":15},"end":{"line":2,"column":33}},"2":{"start":{"line":5,"column":17},"end":{"line":5,"column":31}},"3":{"start":{"line":6,"column":17},"end":{"line":8,"column":4}},"4":{"start":{"line":9,"column":2},"end":{"line":11,"column":3}},"5":{"start":{"line":10,"column":4},"end":{"line":10,"column":73}},"6":{"start":{"line":12,"column":2},"end":{"line":12,"column":31}},"7":{"start":{"line":16,"column":2},"end":{"line":28,"column":3}},"8":{"start":{"line":17,"column":33},"end":{"line":17,"column":45}},"9":{"start":{"line":18,"column":24},"end":{"line":23,"column":6}},"10":{"start":{"line":24,"column":4},"end":{"line":24,"column":50}},"11":{"start":{"line":26,"column":4},"end":{"line":26,"column":50}},"12":{"start":{"line":27,"column":4},"end":{"line":27,"column":72}},"13":{"start":{"line":32,"column":2},"end":{"line":65,"column":3}},"14":{"start":{"line":33,"column":19},"end":{"line":33,"column":33}},"15":{"start":{"line":34,"column":33},"end":{"line":34,"column":45}},"16":{"start":{"line":37,"column":26},"end":{"line":41,"column":6}},"17":{"start":{"line":44,"column":4},"end":{"line":48,"column":5}},"18":{"start":{"line":45,"column":6},"end":{"line":47,"column":71}},"19":{"start":{"line":51,"column":25},"end":{"line":59,"column":6}},"20":{"start":{"line":61,"column":4},"end":{"line":61,"column":39}},"21":{"start":{"line":63,"column":4},"end":{"line":63,"column":50}},"22":{"start":{"line":64,"column":4},"end":{"line":64,"column":72}},"23":{"start":{"line":69,"column":2},"end":{"line":80,"column":3}},"24":{"start":{"line":70,"column":19},"end":{"line":70,"column":33}},"25":{"start":{"line":71,"column":4},"end":{"line":75,"column":7}},"26":{"start":{"line":76,"column":4},"end":{"line":76,"column":39}},"27":{"start":{"line":78,"column":4},"end":{"line":78,"column":50}},"28":{"start":{"line":79,"column":4},"end":{"line":79,"column":72}},"29":{"start":{"line":85,"column":0},"end":{"line":90,"column":2}}},"fnMap":{"0":{"name":"getSingleProductImages","decl":{"start":{"line":4,"column":15},"end":{"line":4,"column":37}},"loc":{"start":{"line":4,"column":57},"end":{"line":13,"column":1}},"line":4},"1":{"name":"createImage","decl":{"start":{"line":15,"column":15},"end":{"line":15,"column":26}},"loc":{"start":{"line":15,"column":46},"end":{"line":29,"column":1}},"line":15},"2":{"name":"updateImage","decl":{"start":{"line":31,"column":15},"end":{"line":31,"column":26}},"loc":{"start":{"line":31,"column":46},"end":{"line":66,"column":1}},"line":31},"3":{"name":"deleteImage","decl":{"start":{"line":68,"column":15},"end":{"line":68,"column":26}},"loc":{"start":{"line":68,"column":46},"end":{"line":81,"column":1}},"line":68}},"branchMap":{"0":{"loc":{"start":{"line":9,"column":2},"end":{"line":11,"column":3}},"type":"if","locations":[{"start":{"line":9,"column":2},"end":{"line":11,"column":3}},{"start":{},"end":{}}],"line":9},"1":{"loc":{"start":{"line":44,"column":4},"end":{"line":48,"column":5}},"type":"if","locations":[{"start":{"line":44,"column":4},"end":{"line":48,"column":5}},{"start":{},"end":{}}],"line":44}},"s":{"0":1,"1":1,"2":2,"3":2,"4":2,"5":0,"6":2,"7":1,"8":1,"9":1,"10":1,"11":0,"12":0,"13":1,"14":1,"15":1,"16":1,"17":1,"18":0,"19":1,"20":1,"21":0,"22":0,"23":1,"24":1,"25":1,"26":1,"27":0,"28":0,"29":1},"f":{"0":2,"1":1,"2":1,"3":1},"b":{"0":[0,2],"1":[0,1]},"_coverageSchema":"1a1c01bbd47fc00a2c39e90264f33305004495a9","hash":"07619265caa82f9200c50328ca52d5417ad48b07"}
,"C:\\Users\\Manh Luong\\Desktop\\B21DCDT144\\nam_4\\Ky2\\SQA\\Electronics-eCommerce-Shop-With-Admin-Dashboard-NextJS-NodeJS\\server\\controllers\\products.js": {"path":"C:\\Users\\Manh Luong\\Desktop\\B21DCDT144\\nam_4\\Ky2\\SQA\\Electronics-eCommerce-Shop-With-Admin-Dashboard-NextJS-NodeJS\\server\\controllers\\products.js","statementMap":{"0":{"start":{"line":1,"column":25},"end":{"line":1,"column":50}},"1":{"start":{"line":2,"column":15},"end":{"line":2,"column":33}},"2":{"start":{"line":5,"column":15},"end":{"line":5,"column":39}},"3":{"start":{"line":7,"column":2},"end":{"line":228,"column":3}},"4":{"start":{"line":8,"column":4},"end":{"line":13,"column":5}},"5":{"start":{"line":9,"column":28},"end":{"line":9,"column":61}},"6":{"start":{"line":10,"column":6},"end":{"line":10,"column":42}},"7":{"start":{"line":12,"column":6},"end":{"line":12,"column":77}},"8":{"start":{"line":15,"column":28},"end":{"line":15,"column":52}},"9":{"start":{"line":16,"column":20},"end":{"line":16,"column":22}},"10":{"start":{"line":17,"column":18},"end":{"line":17,"column":20}},"11":{"start":{"line":18,"column":22},"end":{"line":18,"column":35}},"12":{"start":{"line":21,"column":17},"end":{"line":21,"column":76}},"13":{"start":{"line":23,"column":4},"end":{"line":139,"column":5}},"14":{"start":{"line":24,"column":25},"end":{"line":26,"column":19}},"15":{"start":{"line":29,"column":24},"end":{"line":29,"column":26}},"16":{"start":{"line":31,"column":6},"end":{"line":130,"column":7}},"17":{"start":{"line":31,"column":19},"end":{"line":31,"column":20}},"18":{"start":{"line":33,"column":8},"end":{"line":43,"column":9}},"19":{"start":{"line":39,"column":10},"end":{"line":42,"column":12}},"20":{"start":{"line":46,"column":8},"end":{"line":56,"column":9}},"21":{"start":{"line":52,"column":10},"end":{"line":55,"column":12}},"22":{"start":{"line":59,"column":8},"end":{"line":65,"column":9}},"23":{"start":{"line":64,"column":10},"end":{"line":64,"column":34}},"24":{"start":{"line":67,"column":8},"end":{"line":76,"column":9}},"25":{"start":{"line":72,"column":10},"end":{"line":75,"column":12}},"26":{"start":{"line":78,"column":8},"end":{"line":87,"column":9}},"27":{"start":{"line":83,"column":10},"end":{"line":86,"column":12}},"28":{"start":{"line":89,"column":8},"end":{"line":92,"column":9}},"29":{"start":{"line":91,"column":10},"end":{"line":91,"column":80}},"30":{"start":{"line":95,"column":8},"end":{"line":129,"column":9}},"31":{"start":{"line":98,"column":10},"end":{"line":112,"column":11}},"32":{"start":{"line":100,"column":12},"end":{"line":105,"column":14}},"33":{"start":{"line":108,"column":12},"end":{"line":111,"column":14}},"34":{"start":{"line":115,"column":33},"end":{"line":118,"column":11}},"35":{"start":{"line":128,"column":10},"end":{"line":128,"column":72}},"36":{"start":{"line":131,"column":6},"end":{"line":138,"column":7}},"37":{"start":{"line":132,"column":8},"end":{"line":137,"column":10}},"38":{"start":{"line":141,"column":22},"end":{"line":141,"column":38}},"39":{"start":{"line":144,"column":4},"end":{"line":146,"column":5}},"40":{"start":{"line":145,"column":6},"end":{"line":145,"column":34}},"41":{"start":{"line":148,"column":4},"end":{"line":166,"column":5}},"42":{"start":{"line":149,"column":6},"end":{"line":149,"column":19}},"43":{"start":{"line":150,"column":11},"end":{"line":166,"column":5}},"44":{"start":{"line":151,"column":6},"end":{"line":153,"column":8}},"45":{"start":{"line":154,"column":11},"end":{"line":166,"column":5}},"46":{"start":{"line":155,"column":6},"end":{"line":157,"column":8}},"47":{"start":{"line":158,"column":11},"end":{"line":166,"column":5}},"48":{"start":{"line":159,"column":6},"end":{"line":161,"column":8}},"49":{"start":{"line":162,"column":11},"end":{"line":166,"column":5}},"50":{"start":{"line":163,"column":6},"end":{"line":165,"column":8}},"51":{"start":{"line":170,"column":4},"end":{"line":225,"column":5}},"52":{"start":{"line":171,"column":6},"end":{"line":183,"column":9}},"53":{"start":{"line":186,"column":6},"end":{"line":224,"column":7}},"54":{"start":{"line":187,"column":8},"end":{"line":207,"column":11}},"55":{"start":{"line":210,"column":8},"end":{"line":223,"column":11}},"56":{"start":{"line":227,"column":4},"end":{"line":227,"column":35}},"57":{"start":{"line":233,"column":2},"end":{"line":246,"column":3}},"58":{"start":{"line":234,"column":21},"end":{"line":242,"column":6}},"59":{"start":{"line":243,"column":4},"end":{"line":243,"column":40}},"60":{"start":{"line":245,"column":4},"end":{"line":245,"column":23}},"61":{"start":{"line":250,"column":2},"end":{"line":278,"column":3}},"62":{"start":{"line":260,"column":8},"end":{"line":260,"column":20}},"63":{"start":{"line":261,"column":20},"end":{"line":273,"column":6}},"64":{"start":{"line":274,"column":4},"end":{"line":274,"column":46}},"65":{"start":{"line":276,"column":4},"end":{"line":276,"column":52}},"66":{"start":{"line":277,"column":4},"end":{"line":277,"column":74}},"67":{"start":{"line":283,"column":2},"end":{"line":328,"column":3}},"68":{"start":{"line":284,"column":19},"end":{"line":284,"column":33}},"69":{"start":{"line":295,"column":8},"end":{"line":295,"column":20}},"70":{"start":{"line":297,"column":28},"end":{"line":301,"column":6}},"71":{"start":{"line":303,"column":4},"end":{"line":305,"column":5}},"72":{"start":{"line":304,"column":6},"end":{"line":304,"column":71}},"73":{"start":{"line":308,"column":27},"end":{"line":323,"column":6}},"74":{"start":{"line":325,"column":4},"end":{"line":325,"column":53}},"75":{"start":{"line":327,"column":4},"end":{"line":327,"column":74}},"76":{"start":{"line":333,"column":2},"end":{"line":355,"column":3}},"77":{"start":{"line":334,"column":19},"end":{"line":334,"column":33}},"78":{"start":{"line":337,"column":41},"end":{"line":341,"column":10}},"79":{"start":{"line":342,"column":8},"end":{"line":344,"column":9}},"80":{"start":{"line":343,"column":10},"end":{"line":343,"column":115}},"81":{"start":{"line":346,"column":4},"end":{"line":350,"column":7}},"82":{"start":{"line":351,"column":4},"end":{"line":351,"column":39}},"83":{"start":{"line":353,"column":4},"end":{"line":353,"column":23}},"84":{"start":{"line":354,"column":4},"end":{"line":354,"column":74}},"85":{"start":{"line":359,"column":2},"end":{"line":388,"column":3}},"86":{"start":{"line":360,"column":22},"end":{"line":360,"column":35}},"87":{"start":{"line":361,"column":4},"end":{"line":365,"column":5}},"88":{"start":{"line":362,"column":6},"end":{"line":364,"column":56}},"89":{"start":{"line":367,"column":21},"end":{"line":382,"column":6}},"90":{"start":{"line":384,"column":4},"end":{"line":384,"column":35}},"91":{"start":{"line":386,"column":4},"end":{"line":386,"column":54}},"92":{"start":{"line":387,"column":4},"end":{"line":387,"column":76}},"93":{"start":{"line":392,"column":17},"end":{"line":392,"column":31}},"94":{"start":{"line":393,"column":18},"end":{"line":400,"column":4}},"95":{"start":{"line":401,"column":2},"end":{"line":403,"column":3}},"96":{"start":{"line":402,"column":4},"end":{"line":402,"column":69}},"97":{"start":{"line":404,"column":2},"end":{"line":404,"column":44}},"98":{"start":{"line":407,"column":0},"end":{"line":414,"column":2}}},"fnMap":{"0":{"name":"getAllProducts","decl":{"start":{"line":4,"column":15},"end":{"line":4,"column":29}},"loc":{"start":{"line":4,"column":49},"end":{"line":230,"column":1}},"line":4},"1":{"name":"getAllProductsOld","decl":{"start":{"line":232,"column":15},"end":{"line":232,"column":32}},"loc":{"start":{"line":232,"column":52},"end":{"line":247,"column":1}},"line":232},"2":{"name":"createProduct","decl":{"start":{"line":249,"column":15},"end":{"line":249,"column":28}},"loc":{"start":{"line":249,"column":48},"end":{"line":279,"column":1}},"line":249},"3":{"name":"updateProduct","decl":{"start":{"line":282,"column":15},"end":{"line":282,"column":28}},"loc":{"start":{"line":282,"column":48},"end":{"line":329,"column":1}},"line":282},"4":{"name":"deleteProduct","decl":{"start":{"line":332,"column":15},"end":{"line":332,"column":28}},"loc":{"start":{"line":332,"column":48},"end":{"line":356,"column":1}},"line":332},"5":{"name":"searchProducts","decl":{"start":{"line":358,"column":15},"end":{"line":358,"column":29}},"loc":{"start":{"line":358,"column":49},"end":{"line":389,"column":1}},"line":358},"6":{"name":"getProductById","decl":{"start":{"line":391,"column":15},"end":{"line":391,"column":29}},"loc":{"start":{"line":391,"column":49},"end":{"line":405,"column":1}},"line":391}},"branchMap":{"0":{"loc":{"start":{"line":5,"column":15},"end":{"line":5,"column":39}},"type":"binary-expr","locations":[{"start":{"line":5,"column":15},"end":{"line":5,"column":33}},{"start":{"line":5,"column":37},"end":{"line":5,"column":39}}],"line":5},"1":{"loc":{"start":{"line":7,"column":2},"end":{"line":228,"column":3}},"type":"if","locations":[{"start":{"line":7,"column":2},"end":{"line":228,"column":3}},{"start":{"line":14,"column":7},"end":{"line":228,"column":3}}],"line":7},"2":{"loc":{"start":{"line":21,"column":17},"end":{"line":21,"column":76}},"type":"cond-expr","locations":[{"start":{"line":21,"column":46},"end":{"line":21,"column":72}},{"start":{"line":21,"column":75},"end":{"line":21,"column":76}}],"line":21},"3":{"loc":{"start":{"line":23,"column":4},"end":{"line":139,"column":5}},"type":"if","locations":[{"start":{"line":23,"column":4},"end":{"line":139,"column":5}},{"start":{},"end":{}}],"line":23},"4":{"loc":{"start":{"line":33,"column":8},"end":{"line":43,"column":9}},"type":"if","locations":[{"start":{"line":33,"column":8},"end":{"line":43,"column":9}},{"start":{},"end":{}}],"line":33},"5":{"loc":{"start":{"line":34,"column":10},"end":{"line":35,"column":47}},"type":"binary-expr","locations":[{"start":{"line":34,"column":10},"end":{"line":34,"column":49}},{"start":{"line":35,"column":10},"end":{"line":35,"column":47}}],"line":34},"6":{"loc":{"start":{"line":46,"column":8},"end":{"line":56,"column":9}},"type":"if","locations":[{"start":{"line":46,"column":8},"end":{"line":56,"column":9}},{"start":{},"end":{}}],"line":46},"7":{"loc":{"start":{"line":47,"column":10},"end":{"line":48,"column":48}},"type":"binary-expr","locations":[{"start":{"line":47,"column":10},"end":{"line":47,"column":49}},{"start":{"line":48,"column":10},"end":{"line":48,"column":48}}],"line":47},"8":{"loc":{"start":{"line":59,"column":8},"end":{"line":65,"column":9}},"type":"if","locations":[{"start":{"line":59,"column":8},"end":{"line":65,"column":9}},{"start":{},"end":{}}],"line":59},"9":{"loc":{"start":{"line":60,"column":10},"end":{"line":61,"column":50}},"type":"binary-expr","locations":[{"start":{"line":60,"column":10},"end":{"line":60,"column":49}},{"start":{"line":61,"column":10},"end":{"line":61,"column":50}}],"line":60},"10":{"loc":{"start":{"line":67,"column":8},"end":{"line":76,"column":9}},"type":"if","locations":[{"start":{"line":67,"column":8},"end":{"line":76,"column":9}},{"start":{},"end":{}}],"line":67},"11":{"loc":{"start":{"line":68,"column":10},"end":{"line":69,"column":49}},"type":"binary-expr","locations":[{"start":{"line":68,"column":10},"end":{"line":68,"column":49}},{"start":{"line":69,"column":10},"end":{"line":69,"column":49}}],"line":68},"12":{"loc":{"start":{"line":78,"column":8},"end":{"line":87,"column":9}},"type":"if","locations":[{"start":{"line":78,"column":8},"end":{"line":87,"column":9}},{"start":{},"end":{}}],"line":78},"13":{"loc":{"start":{"line":79,"column":10},"end":{"line":80,"column":52}},"type":"binary-expr","locations":[{"start":{"line":79,"column":10},"end":{"line":79,"column":49}},{"start":{"line":80,"column":10},"end":{"line":80,"column":52}}],"line":79},"14":{"loc":{"start":{"line":89,"column":8},"end":{"line":92,"column":9}},"type":"if","locations":[{"start":{"line":89,"column":8},"end":{"line":92,"column":9}},{"start":{},"end":{}}],"line":89},"15":{"loc":{"start":{"line":95,"column":8},"end":{"line":129,"column":9}},"type":"if","locations":[{"start":{"line":95,"column":8},"end":{"line":129,"column":9}},{"start":{},"end":{}}],"line":95},"16":{"loc":{"start":{"line":98,"column":10},"end":{"line":112,"column":11}},"type":"if","locations":[{"start":{"line":98,"column":10},"end":{"line":112,"column":11}},{"start":{"line":106,"column":17},"end":{"line":112,"column":11}}],"line":98},"17":{"loc":{"start":{"line":144,"column":4},"end":{"line":146,"column":5}},"type":"if","locations":[{"start":{"line":144,"column":4},"end":{"line":146,"column":5}},{"start":{},"end":{}}],"line":144},"18":{"loc":{"start":{"line":144,"column":8},"end":{"line":144,"column":55}},"type":"binary-expr","locations":[{"start":{"line":144,"column":8},"end":{"line":144,"column":26}},{"start":{"line":144,"column":30},"end":{"line":144,"column":55}}],"line":144},"19":{"loc":{"start":{"line":148,"column":4},"end":{"line":166,"column":5}},"type":"if","locations":[{"start":{"line":148,"column":4},"end":{"line":166,"column":5}},{"start":{"line":150,"column":11},"end":{"line":166,"column":5}}],"line":148},"20":{"loc":{"start":{"line":150,"column":11},"end":{"line":166,"column":5}},"type":"if","locations":[{"start":{"line":150,"column":11},"end":{"line":166,"column":5}},{"start":{"line":154,"column":11},"end":{"line":166,"column":5}}],"line":150},"21":{"loc":{"start":{"line":154,"column":11},"end":{"line":166,"column":5}},"type":"if","locations":[{"start":{"line":154,"column":11},"end":{"line":166,"column":5}},{"start":{"line":158,"column":11},"end":{"line":166,"column":5}}],"line":154},"22":{"loc":{"start":{"line":158,"column":11},"end":{"line":166,"column":5}},"type":"if","locations":[{"start":{"line":158,"column":11},"end":{"line":166,"column":5}},{"start":{"line":162,"column":11},"end":{"line":166,"column":5}}],"line":158},"23":{"loc":{"start":{"line":162,"column":11},"end":{"line":166,"column":5}},"type":"if","locations":[{"start":{"line":162,"column":11},"end":{"line":166,"column":5}},{"start":{},"end":{}}],"line":162},"24":{"loc":{"start":{"line":170,"column":4},"end":{"line":225,"column":5}},"type":"if","locations":[{"start":{"line":170,"column":4},"end":{"line":225,"column":5}},{"start":{"line":184,"column":11},"end":{"line":225,"column":5}}],"line":170},"25":{"loc":{"start":{"line":186,"column":6},"end":{"line":224,"column":7}},"type":"if","locations":[{"start":{"line":186,"column":6},"end":{"line":224,"column":7}},{"start":{"line":208,"column":13},"end":{"line":224,"column":7}}],"line":186},"26":{"loc":{"start":{"line":186,"column":10},"end":{"line":186,"column":57}},"type":"binary-expr","locations":[{"start":{"line":186,"column":10},"end":{"line":186,"column":28}},{"start":{"line":186,"column":32},"end":{"line":186,"column":57}}],"line":186},"27":{"loc":{"start":{"line":303,"column":4},"end":{"line":305,"column":5}},"type":"if","locations":[{"start":{"line":303,"column":4},"end":{"line":305,"column":5}},{"start":{},"end":{}}],"line":303},"28":{"loc":{"start":{"line":342,"column":8},"end":{"line":344,"column":9}},"type":"if","locations":[{"start":{"line":342,"column":8},"end":{"line":344,"column":9}},{"start":{},"end":{}}],"line":342},"29":{"loc":{"start":{"line":361,"column":4},"end":{"line":365,"column":5}},"type":"if","locations":[{"start":{"line":361,"column":4},"end":{"line":365,"column":5}},{"start":{},"end":{}}],"line":361},"30":{"loc":{"start":{"line":401,"column":2},"end":{"line":403,"column":3}},"type":"if","locations":[{"start":{"line":401,"column":2},"end":{"line":403,"column":3}},{"start":{},"end":{}}],"line":401}},"s":{"0":7,"1":7,"2":3,"3":3,"4":2,"5":2,"6":1,"7":1,"8":1,"9":1,"10":1,"11":1,"12":1,"13":1,"14":1,"15":1,"16":1,"17":1,"18":2,"19":0,"20":2,"21":0,"22":2,"23":0,"24":2,"25":0,"26":2,"27":0,"28":2,"29":1,"30":2,"31":0,"32":0,"33":0,"34":0,"35":0,"36":1,"37":0,"38":1,"39":1,"40":0,"41":1,"42":0,"43":1,"44":1,"45":0,"46":0,"47":0,"48":0,"49":0,"50":0,"51":1,"52":1,"53":0,"54":0,"55":0,"56":1,"57":0,"58":0,"59":0,"60":0,"61":3,"62":3,"63":3,"64":2,"65":1,"66":1,"67":5,"68":5,"69":5,"70":5,"71":4,"72":1,"73":3,"74":3,"75":1,"76":3,"77":3,"78":3,"79":2,"80":1,"81":1,"82":1,"83":1,"84":1,"85":4,"86":4,"87":4,"88":1,"89":3,"90":2,"91":1,"92":1,"93":3,"94":3,"95":3,"96":1,"97":2,"98":7},"f":{"0":3,"1":0,"2":3,"3":5,"4":3,"5":4,"6":3},"b":{"0":[3,1],"1":[2,1],"2":[1,0],"3":[1,0],"4":[0,2],"5":[2,0],"6":[0,2],"7":[2,0],"8":[0,2],"9":[2,0],"10":[0,2],"11":[2,0],"12":[0,2],"13":[2,0],"14":[1,1],"15":[0,2],"16":[0,0],"17":[0,1],"18":[1,0],"19":[0,1],"20":[1,0],"21":[0,0],"22":[0,0],"23":[0,0],"24":[1,0],"25":[0,0],"26":[0,0],"27":[1,3],"28":[1,1],"29":[1,3],"30":[1,2]},"_coverageSchema":"1a1c01bbd47fc00a2c39e90264f33305004495a9","hash":"c26d3ff0f307164d9d2e944d7c2a63b870bbcb08"}
,"C:\\Users\\Manh Luong\\Desktop\\B21DCDT144\\nam_4\\Ky2\\SQA\\Electronics-eCommerce-Shop-With-Admin-Dashboard-NextJS-NodeJS\\server\\controllers\\search.js": {"path":"C:\\Users\\Manh Luong\\Desktop\\B21DCDT144\\nam_4\\Ky2\\SQA\\Electronics-eCommerce-Shop-With-Admin-Dashboard-NextJS-NodeJS\\server\\controllers\\search.js","statementMap":{"0":{"start":{"line":1,"column":25},"end":{"line":1,"column":50}},"1":{"start":{"line":2,"column":15},"end":{"line":2,"column":33}},"2":{"start":{"line":5,"column":4},"end":{"line":32,"column":5}},"3":{"start":{"line":6,"column":26},"end":{"line":6,"column":39}},"4":{"start":{"line":7,"column":8},"end":{"line":9,"column":9}},"5":{"start":{"line":8,"column":12},"end":{"line":8,"column":87}},"6":{"start":{"line":11,"column":25},"end":{"line":26,"column":10}},"7":{"start":{"line":28,"column":8},"end":{"line":28,"column":39}},"8":{"start":{"line":30,"column":8},"end":{"line":30,"column":58}},"9":{"start":{"line":31,"column":8},"end":{"line":31,"column":80}},"10":{"start":{"line":35,"column":0},"end":{"line":35,"column":36}}},"fnMap":{"0":{"name":"searchProducts","decl":{"start":{"line":4,"column":15},"end":{"line":4,"column":29}},"loc":{"start":{"line":4,"column":49},"end":{"line":33,"column":1}},"line":4}},"branchMap":{"0":{"loc":{"start":{"line":7,"column":8},"end":{"line":9,"column":9}},"type":"if","locations":[{"start":{"line":7,"column":8},"end":{"line":9,"column":9}},{"start":{},"end":{}}],"line":7}},"s":{"0":1,"1":1,"2":4,"3":4,"4":4,"5":1,"6":3,"7":2,"8":1,"9":1,"10":1},"f":{"0":4},"b":{"0":[1,3]},"_coverageSchema":"1a1c01bbd47fc00a2c39e90264f33305004495a9","hash":"549aa608825caefbdffc548eda873da46aabd177"}
,"C:\\Users\\Manh Luong\\Desktop\\B21DCDT144\\nam_4\\Ky2\\SQA\\Electronics-eCommerce-Shop-With-Admin-Dashboard-NextJS-NodeJS\\server\\controllers\\slugs.js": {"path":"C:\\Users\\Manh Luong\\Desktop\\B21DCDT144\\nam_4\\Ky2\\SQA\\Electronics-eCommerce-Shop-With-Admin-Dashboard-NextJS-NodeJS\\server\\controllers\\slugs.js","statementMap":{"0":{"start":{"line":1,"column":25},"end":{"line":1,"column":50}},"1":{"start":{"line":2,"column":15},"end":{"line":2,"column":33}},"2":{"start":{"line":5,"column":19},"end":{"line":5,"column":33}},"3":{"start":{"line":6,"column":18},"end":{"line":13,"column":4}},"4":{"start":{"line":15,"column":23},"end":{"line":15,"column":33}},"5":{"start":{"line":16,"column":2},"end":{"line":18,"column":3}},"6":{"start":{"line":17,"column":4},"end":{"line":17,"column":69}},"7":{"start":{"line":19,"column":2},"end":{"line":19,"column":49}},"8":{"start":{"line":22,"column":0},"end":{"line":22,"column":38}}},"fnMap":{"0":{"name":"getProductBySlug","decl":{"start":{"line":4,"column":15},"end":{"line":4,"column":31}},"loc":{"start":{"line":4,"column":51},"end":{"line":20,"column":1}},"line":4}},"branchMap":{"0":{"loc":{"start":{"line":16,"column":2},"end":{"line":18,"column":3}},"type":"if","locations":[{"start":{"line":16,"column":2},"end":{"line":18,"column":3}},{"start":{},"end":{}}],"line":16}},"s":{"0":1,"1":1,"2":2,"3":2,"4":2,"5":2,"6":1,"7":1,"8":1},"f":{"0":2},"b":{"0":[1,1]},"_coverageSchema":"1a1c01bbd47fc00a2c39e90264f33305004495a9","hash":"a0301c3bec68f1e14378b7e67fae3abee4d730d3"}
,"C:\\Users\\Manh Luong\\Desktop\\B21DCDT144\\nam_4\\Ky2\\SQA\\Electronics-eCommerce-Shop-With-Admin-Dashboard-NextJS-NodeJS\\server\\controllers\\users.js": {"path":"C:\\Users\\Manh Luong\\Desktop\\B21DCDT144\\nam_4\\Ky2\\SQA\\Electronics-eCommerce-Shop-With-Admin-Dashboard-NextJS-NodeJS\\server\\controllers\\users.js","statementMap":{"0":{"start":{"line":1,"column":25},"end":{"line":1,"column":50}},"1":{"start":{"line":2,"column":15},"end":{"line":2,"column":33}},"2":{"start":{"line":3,"column":15},"end":{"line":3,"column":34}},"3":{"start":{"line":6,"column":2},"end":{"line":11,"column":3}},"4":{"start":{"line":7,"column":18},"end":{"line":7,"column":48}},"5":{"start":{"line":8,"column":4},"end":{"line":8,"column":32}},"6":{"start":{"line":10,"column":4},"end":{"line":10,"column":72}},"7":{"start":{"line":15,"column":2},"end":{"line":30,"column":3}},"8":{"start":{"line":16,"column":38},"end":{"line":16,"column":50}},"9":{"start":{"line":17,"column":27},"end":{"line":17,"column":57}},"10":{"start":{"line":19,"column":17},"end":{"line":25,"column":6}},"11":{"start":{"line":26,"column":4},"end":{"line":26,"column":43}},"12":{"start":{"line":28,"column":4},"end":{"line":28,"column":49}},"13":{"start":{"line":29,"column":4},"end":{"line":29,"column":71}},"14":{"start":{"line":34,"column":2},"end":{"line":62,"column":3}},"15":{"start":{"line":35,"column":19},"end":{"line":35,"column":33}},"16":{"start":{"line":36,"column":38},"end":{"line":36,"column":50}},"17":{"start":{"line":37,"column":27},"end":{"line":37,"column":57}},"18":{"start":{"line":38,"column":25},"end":{"line":42,"column":6}},"19":{"start":{"line":44,"column":4},"end":{"line":46,"column":5}},"20":{"start":{"line":45,"column":6},"end":{"line":45,"column":68}},"21":{"start":{"line":48,"column":24},"end":{"line":57,"column":6}},"22":{"start":{"line":59,"column":4},"end":{"line":59,"column":50}},"23":{"start":{"line":61,"column":4},"end":{"line":61,"column":71}},"24":{"start":{"line":66,"column":2},"end":{"line":77,"column":3}},"25":{"start":{"line":67,"column":19},"end":{"line":67,"column":33}},"26":{"start":{"line":68,"column":4},"end":{"line":72,"column":7}},"27":{"start":{"line":73,"column":4},"end":{"line":73,"column":39}},"28":{"start":{"line":75,"column":4},"end":{"line":75,"column":23}},"29":{"start":{"line":76,"column":4},"end":{"line":76,"column":71}},"30":{"start":{"line":81,"column":17},"end":{"line":81,"column":31}},"31":{"start":{"line":82,"column":15},"end":{"line":86,"column":4}},"32":{"start":{"line":87,"column":2},"end":{"line":89,"column":3}},"33":{"start":{"line":88,"column":4},"end":{"line":88,"column":66}},"34":{"start":{"line":90,"column":2},"end":{"line":90,"column":41}},"35":{"start":{"line":94,"column":20},"end":{"line":94,"column":34}},"36":{"start":{"line":95,"column":15},"end":{"line":99,"column":4}},"37":{"start":{"line":100,"column":2},"end":{"line":102,"column":3}},"38":{"start":{"line":101,"column":4},"end":{"line":101,"column":66}},"39":{"start":{"line":103,"column":2},"end":{"line":103,"column":41}},"40":{"start":{"line":106,"column":0},"end":{"line":113,"column":2}}},"fnMap":{"0":{"name":"getAllUsers","decl":{"start":{"line":5,"column":15},"end":{"line":5,"column":26}},"loc":{"start":{"line":5,"column":46},"end":{"line":12,"column":1}},"line":5},"1":{"name":"createUser","decl":{"start":{"line":14,"column":15},"end":{"line":14,"column":25}},"loc":{"start":{"line":14,"column":45},"end":{"line":31,"column":1}},"line":14},"2":{"name":"updateUser","decl":{"start":{"line":33,"column":15},"end":{"line":33,"column":25}},"loc":{"start":{"line":33,"column":45},"end":{"line":63,"column":1}},"line":33},"3":{"name":"deleteUser","decl":{"start":{"line":65,"column":15},"end":{"line":65,"column":25}},"loc":{"start":{"line":65,"column":45},"end":{"line":78,"column":1}},"line":65},"4":{"name":"getUser","decl":{"start":{"line":80,"column":15},"end":{"line":80,"column":22}},"loc":{"start":{"line":80,"column":42},"end":{"line":91,"column":1}},"line":80},"5":{"name":"getUserByEmail","decl":{"start":{"line":93,"column":15},"end":{"line":93,"column":29}},"loc":{"start":{"line":93,"column":49},"end":{"line":104,"column":1}},"line":93}},"branchMap":{"0":{"loc":{"start":{"line":44,"column":4},"end":{"line":46,"column":5}},"type":"if","locations":[{"start":{"line":44,"column":4},"end":{"line":46,"column":5}},{"start":{},"end":{}}],"line":44},"1":{"loc":{"start":{"line":87,"column":2},"end":{"line":89,"column":3}},"type":"if","locations":[{"start":{"line":87,"column":2},"end":{"line":89,"column":3}},{"start":{},"end":{}}],"line":87},"2":{"loc":{"start":{"line":100,"column":2},"end":{"line":102,"column":3}},"type":"if","locations":[{"start":{"line":100,"column":2},"end":{"line":102,"column":3}},{"start":{},"end":{}}],"line":100}},"s":{"0":1,"1":1,"2":1,"3":0,"4":0,"5":0,"6":0,"7":0,"8":0,"9":0,"10":0,"11":0,"12":0,"13":0,"14":0,"15":0,"16":0,"17":0,"18":0,"19":0,"20":0,"21":0,"22":0,"23":0,"24":0,"25":0,"26":0,"27":0,"28":0,"29":0,"30":0,"31":0,"32":0,"33":0,"34":0,"35":2,"36":2,"37":2,"38":1,"39":1,"40":1},"f":{"0":0,"1":0,"2":0,"3":0,"4":0,"5":2},"b":{"0":[0,0],"1":[0,0],"2":[1,1]},"_coverageSchema":"1a1c01bbd47fc00a2c39e90264f33305004495a9","hash":"5b567cf7bb921e45d5485eb74b012dab7d619a44"}
,"C:\\Users\\Manh Luong\\Desktop\\B21DCDT144\\nam_4\\Ky2\\SQA\\Electronics-eCommerce-Shop-With-Admin-Dashboard-NextJS-NodeJS\\server\\controllers\\wishlist.js": {"path":"C:\\Users\\Manh Luong\\Desktop\\B21DCDT144\\nam_4\\Ky2\\SQA\\Electronics-eCommerce-Shop-With-Admin-Dashboard-NextJS-NodeJS\\server\\controllers\\wishlist.js","statementMap":{"0":{"start":{"line":1,"column":25},"end":{"line":1,"column":50}},"1":{"start":{"line":2,"column":15},"end":{"line":2,"column":33}},"2":{"start":{"line":3,"column":15},"end":{"line":3,"column":34}},"3":{"start":{"line":6,"column":2},"end":{"line":15,"column":3}},"4":{"start":{"line":7,"column":21},"end":{"line":11,"column":6}},"5":{"start":{"line":12,"column":4},"end":{"line":12,"column":35}},"6":{"start":{"line":14,"column":4},"end":{"line":14,"column":75}},"7":{"start":{"line":19,"column":21},"end":{"line":19,"column":35}},"8":{"start":{"line":20,"column":2},"end":{"line":33,"column":3}},"9":{"start":{"line":22,"column":21},"end":{"line":29,"column":6}},"10":{"start":{"line":30,"column":4},"end":{"line":30,"column":35}},"11":{"start":{"line":32,"column":4},"end":{"line":32,"column":75}},"12":{"start":{"line":37,"column":2},"end":{"line":49,"column":3}},"13":{"start":{"line":38,"column":34},"end":{"line":38,"column":46}},"14":{"start":{"line":39,"column":21},"end":{"line":44,"column":6}},"15":{"start":{"line":45,"column":4},"end":{"line":45,"column":47}},"16":{"start":{"line":47,"column":4},"end":{"line":47,"column":54}},"17":{"start":{"line":48,"column":4},"end":{"line":48,"column":76}},"18":{"start":{"line":53,"column":2},"end":{"line":68,"column":3}},"19":{"start":{"line":54,"column":34},"end":{"line":54,"column":48}},"20":{"start":{"line":56,"column":4},"end":{"line":61,"column":7}},"21":{"start":{"line":63,"column":4},"end":{"line":63,"column":39}},"22":{"start":{"line":66,"column":4},"end":{"line":66,"column":23}},"23":{"start":{"line":67,"column":4},"end":{"line":67,"column":76}},"24":{"start":{"line":72,"column":2},"end":{"line":87,"column":3}},"25":{"start":{"line":73,"column":34},"end":{"line":73,"column":48}},"26":{"start":{"line":75,"column":21},"end":{"line":80,"column":6}},"27":{"start":{"line":82,"column":4},"end":{"line":82,"column":47}},"28":{"start":{"line":85,"column":4},"end":{"line":85,"column":23}},"29":{"start":{"line":86,"column":4},"end":{"line":86,"column":75}},"30":{"start":{"line":91,"column":2},"end":{"line":105,"column":3}},"31":{"start":{"line":92,"column":23},"end":{"line":92,"column":37}},"32":{"start":{"line":94,"column":4},"end":{"line":98,"column":7}},"33":{"start":{"line":100,"column":4},"end":{"line":100,"column":39}},"34":{"start":{"line":103,"column":4},"end":{"line":103,"column":23}},"35":{"start":{"line":104,"column":4},"end":{"line":104,"column":76}},"36":{"start":{"line":109,"column":0},"end":{"line":115,"column":2}}},"fnMap":{"0":{"name":"getAllWishlist","decl":{"start":{"line":5,"column":15},"end":{"line":5,"column":29}},"loc":{"start":{"line":5,"column":49},"end":{"line":16,"column":1}},"line":5},"1":{"name":"getAllWishlistByUserId","decl":{"start":{"line":18,"column":15},"end":{"line":18,"column":37}},"loc":{"start":{"line":18,"column":57},"end":{"line":34,"column":1}},"line":18},"2":{"name":"createWishItem","decl":{"start":{"line":36,"column":15},"end":{"line":36,"column":29}},"loc":{"start":{"line":36,"column":49},"end":{"line":50,"column":1}},"line":36},"3":{"name":"deleteWishItem","decl":{"start":{"line":52,"column":15},"end":{"line":52,"column":29}},"loc":{"start":{"line":52,"column":49},"end":{"line":69,"column":1}},"line":52},"4":{"name":"getSingleProductFromWishlist","decl":{"start":{"line":71,"column":15},"end":{"line":71,"column":43}},"loc":{"start":{"line":71,"column":62},"end":{"line":88,"column":1}},"line":71},"5":{"name":"deleteAllWishItemByUserId","decl":{"start":{"line":90,"column":15},"end":{"line":90,"column":40}},"loc":{"start":{"line":90,"column":60},"end":{"line":106,"column":1}},"line":90}},"branchMap":{},"s":{"0":1,"1":1,"2":1,"3":2,"4":2,"5":2,"6":0,"7":3,"8":3,"9":3,"10":3,"11":0,"12":4,"13":4,"14":4,"15":2,"16":2,"17":2,"18":4,"19":4,"20":4,"21":4,"22":0,"23":0,"24":4,"25":4,"26":4,"27":4,"28":0,"29":0,"30":0,"31":0,"32":0,"33":0,"34":0,"35":0,"36":1},"f":{"0":2,"1":3,"2":4,"3":4,"4":4,"5":0},"b":{},"_coverageSchema":"1a1c01bbd47fc00a2c39e90264f33305004495a9","hash":"ace03f8a9c7e6d26071eb30abdd234d859087cf0"}
}
