TN:
SF:controllers\category.js
FN:4,createCategory
FN:19,updateCategory
FN:49,deleteCategory
FN:64,getCategory
FN:77,getAllCategories
FNF:5
FNH:5
FNDA:3,createCategory
FNDA:3,updateCategory
FNDA:2,deleteCategory
FNDA:3,getCategory
FNDA:2,getAllCategories
DA:1,1
DA:2,1
DA:5,3
DA:6,3
DA:7,3
DA:12,1
DA:14,2
DA:15,2
DA:20,3
DA:21,3
DA:22,3
DA:24,3
DA:30,3
DA:31,1
DA:34,2
DA:43,1
DA:45,1
DA:50,2
DA:51,2
DA:52,2
DA:57,1
DA:59,1
DA:60,0
DA:65,3
DA:66,3
DA:71,3
DA:72,2
DA:74,1
DA:78,2
DA:79,2
DA:80,2
DA:82,0
DA:86,1
LF:33
LH:31
BRDA:30,0,0,1
BRDA:30,0,1,2
BRDA:71,1,0,2
BRDA:71,1,1,1
BRF:4
BRH:4
end_of_record
TN:
SF:controllers\customer_order_product.js
FN:4,createOrderProduct
FN:22,updateProductOrder
FN:57,deleteProductOrder
FN:71,getProductOrder
FN:88,getAllProductOrders
FNF:5
FNH:5
FNDA:1,createOrderProduct
FNDA:2,updateProductOrder
FNDA:1,deleteProductOrder
FNDA:2,getProductOrder
FNDA:1,getAllProductOrders
DA:1,1
DA:2,1
DA:5,1
DA:6,1
DA:7,1
DA:14,1
DA:16,0
DA:17,0
DA:23,2
DA:24,2
DA:25,2
DA:28,2
DA:34,2
DA:35,1
DA:39,1
DA:50,1
DA:52,0
DA:53,0
DA:58,1
DA:59,1
DA:60,1
DA:65,1
DA:67,0
DA:72,2
DA:73,2
DA:81,2
DA:82,0
DA:84,2
DA:89,1
DA:91,1
DA:115,1
DA:118,1
DA:119,3
DA:120,3
DA:123,3
DA:136,3
DA:138,1
DA:141,2
DA:150,1
DA:152,1
DA:154,0
DA:155,0
DA:161,1
LF:43
LH:35
BRDA:34,0,0,1
BRDA:34,0,1,1
BRDA:81,1,0,0
BRDA:81,1,1,2
BRDA:136,2,0,1
BRDA:136,2,1,2
BRF:6
BRH:5
end_of_record
TN:
SF:controllers\customer_orders.js
FN:4,createCustomerOrder
FN:45,updateCustomerOrder
FN:103,deleteCustomerOrder
FN:117,getCustomerOrder
FN:130,getAllOrders
FNF:5
FNH:5
FNDA:1,createCustomerOrder
FNDA:2,updateCustomerOrder
FNDA:1,deleteCustomerOrder
FNDA:2,getCustomerOrder
FNDA:1,getAllOrders
DA:1,1
DA:2,1
DA:5,1
DA:20,1
DA:21,1
DA:38,1
DA:40,0
DA:41,0
DA:46,2
DA:47,2
DA:63,2
DA:65,2
DA:71,2
DA:72,1
DA:75,1
DA:97,1
DA:99,0
DA:104,1
DA:105,1
DA:106,1
DA:111,1
DA:113,0
DA:118,2
DA:119,2
DA:124,2
DA:125,1
DA:127,1
DA:131,1
DA:132,1
DA:133,1
DA:135,0
DA:136,0
DA:140,1
LF:33
LH:27
BRDA:71,0,0,1
BRDA:71,0,1,1
BRDA:124,1,0,1
BRDA:124,1,1,1
BRF:4
BRH:4
end_of_record
TN:
SF:controllers\mainImages.js
FN:4,uploadMainImage
FN:13,(anonymous_1)
FNF:2
FNH:2
FNDA:4,uploadMainImage
FNDA:2,(anonymous_1)
DA:1,1
DA:2,1
DA:5,4
DA:6,2
DA:10,2
DA:13,2
DA:14,2
DA:15,1
DA:18,1
DA:22,1
LF:10
LH:10
BRDA:5,0,0,2
BRDA:5,0,1,2
BRDA:5,1,0,4
BRDA:5,1,1,4
BRDA:14,2,0,1
BRDA:14,2,1,1
BRF:6
BRH:6
end_of_record
TN:
SF:controllers\productImages.js
FN:4,getSingleProductImages
FN:15,createImage
FN:31,updateImage
FN:68,deleteImage
FNF:4
FNH:4
FNDA:2,getSingleProductImages
FNDA:1,createImage
FNDA:1,updateImage
FNDA:1,deleteImage
DA:1,1
DA:2,1
DA:5,2
DA:6,2
DA:9,2
DA:10,0
DA:12,2
DA:16,1
DA:17,1
DA:18,1
DA:24,1
DA:26,0
DA:27,0
DA:32,1
DA:33,1
DA:34,1
DA:37,1
DA:44,1
DA:45,0
DA:51,1
DA:61,1
DA:63,0
DA:64,0
DA:69,1
DA:70,1
DA:71,1
DA:76,1
DA:78,0
DA:79,0
DA:85,1
LF:30
LH:22
BRDA:9,0,0,0
BRDA:9,0,1,2
BRDA:44,1,0,0
BRDA:44,1,1,1
BRF:4
BRH:2
end_of_record
TN:
SF:controllers\products.js
FN:4,getAllProducts
FN:232,getAllProductsOld
FN:249,createProduct
FN:282,updateProduct
FN:332,deleteProduct
FN:358,searchProducts
FN:391,getProductById
FNF:7
FNH:6
FNDA:3,getAllProducts
FNDA:0,getAllProductsOld
FNDA:3,createProduct
FNDA:5,updateProduct
FNDA:3,deleteProduct
FNDA:4,searchProducts
FNDA:3,getProductById
DA:1,7
DA:2,7
DA:5,3
DA:7,3
DA:8,2
DA:9,2
DA:10,1
DA:12,1
DA:15,1
DA:16,1
DA:17,1
DA:18,1
DA:21,1
DA:23,1
DA:24,1
DA:29,1
DA:31,1
DA:33,2
DA:39,0
DA:46,2
DA:52,0
DA:59,2
DA:64,0
DA:67,2
DA:72,0
DA:78,2
DA:83,0
DA:89,2
DA:91,1
DA:95,2
DA:98,0
DA:100,0
DA:108,0
DA:115,0
DA:128,0
DA:131,1
DA:132,0
DA:141,1
DA:144,1
DA:145,0
DA:148,1
DA:149,0
DA:150,1
DA:151,1
DA:154,0
DA:155,0
DA:158,0
DA:159,0
DA:162,0
DA:163,0
DA:170,1
DA:171,1
DA:186,0
DA:187,0
DA:210,0
DA:227,1
DA:233,0
DA:234,0
DA:243,0
DA:245,0
DA:250,3
DA:260,3
DA:261,3
DA:274,2
DA:276,1
DA:277,1
DA:283,5
DA:284,5
DA:295,5
DA:297,5
DA:303,4
DA:304,1
DA:308,3
DA:325,3
DA:327,1
DA:333,3
DA:334,3
DA:337,3
DA:342,2
DA:343,1
DA:346,1
DA:351,1
DA:353,1
DA:354,1
DA:359,4
DA:360,4
DA:361,4
DA:362,1
DA:367,3
DA:384,2
DA:386,1
DA:387,1
DA:392,3
DA:393,3
DA:401,3
DA:402,1
DA:404,2
DA:407,7
LF:98
LH:72
BRDA:5,0,0,3
BRDA:5,0,1,1
BRDA:7,1,0,2
BRDA:7,1,1,1
BRDA:21,2,0,1
BRDA:21,2,1,0
BRDA:23,3,0,1
BRDA:23,3,1,0
BRDA:33,4,0,0
BRDA:33,4,1,2
BRDA:34,5,0,2
BRDA:34,5,1,0
BRDA:46,6,0,0
BRDA:46,6,1,2
BRDA:47,7,0,2
BRDA:47,7,1,0
BRDA:59,8,0,0
BRDA:59,8,1,2
BRDA:60,9,0,2
BRDA:60,9,1,0
BRDA:67,10,0,0
BRDA:67,10,1,2
BRDA:68,11,0,2
BRDA:68,11,1,0
BRDA:78,12,0,0
BRDA:78,12,1,2
BRDA:79,13,0,2
BRDA:79,13,1,0
BRDA:89,14,0,1
BRDA:89,14,1,1
BRDA:95,15,0,0
BRDA:95,15,1,2
BRDA:98,16,0,0
BRDA:98,16,1,0
BRDA:144,17,0,0
BRDA:144,17,1,1
BRDA:144,18,0,1
BRDA:144,18,1,0
BRDA:148,19,0,0
BRDA:148,19,1,1
BRDA:150,20,0,1
BRDA:150,20,1,0
BRDA:154,21,0,0
BRDA:154,21,1,0
BRDA:158,22,0,0
BRDA:158,22,1,0
BRDA:162,23,0,0
BRDA:162,23,1,0
BRDA:170,24,0,1
BRDA:170,24,1,0
BRDA:186,25,0,0
BRDA:186,25,1,0
BRDA:186,26,0,0
BRDA:186,26,1,0
BRDA:303,27,0,1
BRDA:303,27,1,3
BRDA:342,28,0,1
BRDA:342,28,1,1
BRDA:361,29,0,1
BRDA:361,29,1,3
BRDA:401,30,0,1
BRDA:401,30,1,2
BRF:62
BRH:32
end_of_record
TN:
SF:controllers\search.js
FN:4,searchProducts
FNF:1
FNH:1
FNDA:4,searchProducts
DA:1,1
DA:2,1
DA:5,4
DA:6,4
DA:7,4
DA:8,1
DA:11,3
DA:28,2
DA:30,1
DA:31,1
DA:35,1
LF:11
LH:11
BRDA:7,0,0,1
BRDA:7,0,1,3
BRF:2
BRH:2
end_of_record
TN:
SF:controllers\slugs.js
FN:4,getProductBySlug
FNF:1
FNH:1
FNDA:2,getProductBySlug
DA:1,1
DA:2,1
DA:5,2
DA:6,2
DA:15,2
DA:16,2
DA:17,1
DA:19,1
DA:22,1
LF:9
LH:9
BRDA:16,0,0,1
BRDA:16,0,1,1
BRF:2
BRH:2
end_of_record
TN:
SF:controllers\users.js
FN:5,getAllUsers
FN:14,createUser
FN:33,updateUser
FN:65,deleteUser
FN:80,getUser
FN:93,getUserByEmail
FNF:6
FNH:1
FNDA:0,getAllUsers
FNDA:0,createUser
FNDA:0,updateUser
FNDA:0,deleteUser
FNDA:0,getUser
FNDA:2,getUserByEmail
DA:1,1
DA:2,1
DA:3,1
DA:6,0
DA:7,0
DA:8,0
DA:10,0
DA:15,0
DA:16,0
DA:17,0
DA:19,0
DA:26,0
DA:28,0
DA:29,0
DA:34,0
DA:35,0
DA:36,0
DA:37,0
DA:38,0
DA:44,0
DA:45,0
DA:48,0
DA:59,0
DA:61,0
DA:66,0
DA:67,0
DA:68,0
DA:73,0
DA:75,0
DA:76,0
DA:81,0
DA:82,0
DA:87,0
DA:88,0
DA:90,0
DA:94,2
DA:95,2
DA:100,2
DA:101,1
DA:103,1
DA:106,1
LF:41
LH:9
BRDA:44,0,0,0
BRDA:44,0,1,0
BRDA:87,1,0,0
BRDA:87,1,1,0
BRDA:100,2,0,1
BRDA:100,2,1,1
BRF:6
BRH:2
end_of_record
TN:
SF:controllers\wishlist.js
FN:5,getAllWishlist
FN:18,getAllWishlistByUserId
FN:36,createWishItem
FN:52,deleteWishItem
FN:71,getSingleProductFromWishlist
FN:90,deleteAllWishItemByUserId
FNF:6
FNH:5
FNDA:2,getAllWishlist
FNDA:3,getAllWishlistByUserId
FNDA:4,createWishItem
FNDA:4,deleteWishItem
FNDA:4,getSingleProductFromWishlist
FNDA:0,deleteAllWishItemByUserId
DA:1,1
DA:2,1
DA:3,1
DA:6,2
DA:7,2
DA:12,2
DA:14,0
DA:19,3
DA:20,3
DA:22,3
DA:30,3
DA:32,0
DA:37,4
DA:38,4
DA:39,4
DA:45,2
DA:47,2
DA:48,2
DA:53,4
DA:54,4
DA:56,4
DA:63,4
DA:66,0
DA:67,0
DA:72,4
DA:73,4
DA:75,4
DA:82,4
DA:85,0
DA:86,0
DA:91,0
DA:92,0
DA:94,0
DA:100,0
DA:103,0
DA:104,0
DA:109,1
LF:37
LH:25
BRF:0
BRH:0
end_of_record
